<?xml version="1.0" encoding="UTF-8"?>
<testng-results ignored="0" total="2" passed="2" failed="0" skipped="0">
  <reporter-output>
  </reporter-output>
  <suite started-at="2024-10-20T01:16:59 IST" name="Default suite" finished-at="2024-10-20T01:17:00 IST" duration-ms="835">
    <groups>
    </groups>
    <test started-at="2024-10-20T01:16:59 IST" name="Default test" finished-at="2024-10-20T01:17:00 IST" duration-ms="835">
      <class name="Basic.LearnDataProvider">
        <test-method signature="Api(java.lang.String,int)[pri:0, instance:Basic.LearnDataProvider@7d8995e]" started-at="2024-10-20T01:16:59 IST" name="Api" data-provider="TestData" finished-at="2024-10-20T01:17:00 IST" duration-ms="680" status="PASS">
          <params>
            <param index="0">
              <value>
                <![CDATA[suny]]>
              </value>
            </param>
            <param index="1">
              <value>
                <![CDATA[123]]>
              </value>
            </param>
          </params>
          <reporter-output>
          </reporter-output>
        </test-method> <!-- Api -->
        <test-method signature="Api(java.lang.String,int)[pri:0, instance:Basic.LearnDataProvider@7d8995e]" started-at="2024-10-20T01:17:00 IST" name="Api" data-provider="TestData" finished-at="2024-10-20T01:17:00 IST" duration-ms="139" status="PASS">
          <params>
            <param index="0">
              <value>
                <![CDATA[anand]]>
              </value>
            </param>
            <param index="1">
              <value>
                <![CDATA[456]]>
              </value>
            </param>
          </params>
          <reporter-output>
          </reporter-output>
        </test-method> <!-- Api -->
      </class> <!-- Basic.LearnDataProvider -->
    </test> <!-- Default test -->
  </suite> <!-- Default suite -->
</testng-results>
